build/outputs/logs/manifest-merger-debug-report.txt
-- Merging decision tree log ---
manifest
ADDED from StudioProjects\JingleMusic\AndroidManifest.xml:2:1-51:12
	package
		ADDED from StudioProjects\JingleMusic\AndroidManifest.xml:3:5-38
	android:versionName
		ADDED from StudioProjects\JingleMusic\AndroidManifest.xml:5:5-30
		INJECTED from StudioProjects\JingleMusic\AndroidManifest.xml
		INJECTED from StudioProjects\JingleMusic\AndroidManifest.xml
	android:versionCode
		ADDED from StudioProjects\JingleMusic\AndroidManifest.xml:4:5-28
		INJECTED from StudioProjects\JingleMusic\AndroidManifest.xml
		INJECTED from StudioProjects\JingleMusic\AndroidManifest.xml
	xmlns:android
		ADDED from StudioProjects\JingleMusic\AndroidManifest.xml:2:11-69
uses-sdk
ADDED from StudioProjects\JingleMusic\AndroidManifest.xml:7:5-9:41
MERGED from [com.android.support:appcompat-v7:25.3.1] AndroidManifest.xml:21:5-23:78
MERGED from [com.android.support:support-v4:25.3.1] AndroidManifest.xml:21:5-23:54
MERGED from [com.android.support:support-fragment:25.3.1] AndroidManifest.xml:21:5-23:60
MERGED from [com.android.support:support-media-compat:25.3.1] AndroidManifest.xml:21:5-23:63
MERGED from [com.android.support:support-core-ui:25.3.1] AndroidManifest.xml:21:5-23:58
MERGED from [com.android.support:support-core-utils:25.3.1] AndroidManifest.xml:21:5-23:61
MERGED from [com.android.support:animated-vector-drawable:25.3.1] AndroidManifest.xml:20:5-44
MERGED from [com.android.support:support-vector-drawable:25.3.1] AndroidManifest.xml:20:5-43
MERGED from [com.android.support:support-compat:25.3.1] AndroidManifest.xml:21:5-23:58
MERGED from [JingleMusic:Downloader:1.4.3] AndroidManifest.xml:8:5-10:41
	tools:overrideLibrary
		ADDED from [com.android.support:appcompat-v7:25.3.1] AndroidManifest.xml:23:9-75
	android:targetSdkVersion
		ADDED from StudioProjects\JingleMusic\AndroidManifest.xml:9:9-38
	android:minSdkVersion
		ADDED from StudioProjects\JingleMusic\AndroidManifest.xml:8:9-35
uses-permission#android.permission.INTERNET
ADDED from StudioProjects\JingleMusic\AndroidManifest.xml:11:5-67
	android:name
		ADDED from StudioProjects\JingleMusic\AndroidManifest.xml:11:22-64
uses-permission#android.permission.WRITE_EXTERNAL_STORAGE
ADDED from StudioProjects\JingleMusic\AndroidManifest.xml:12:5-81
	android:name
		ADDED from StudioProjects\JingleMusic\AndroidManifest.xml:12:22-78
uses-permission#android.permission.READ_PHONE_STATE
ADDED from StudioProjects\JingleMusic\AndroidManifest.xml:13:5-75
	android:name
		ADDED from StudioProjects\JingleMusic\AndroidManifest.xml:13:22-72
uses-permission#android.permission.READ_EXTERNAL_STORAGE
ADDED from StudioProjects\JingleMusic\AndroidManifest.xml:14:5-80
	android:name
		ADDED from StudioProjects\JingleMusic\AndroidManifest.xml:14:22-77
uses-permission#android.permission.ACCESS_NETWORK_STATE
ADDED from StudioProjects\JingleMusic\AndroidManifest.xml:15:5-79
	android:name
		ADDED from StudioProjects\JingleMusic\AndroidManifest.xml:15:22-76
application
ADDED from StudioProjects\JingleMusic\AndroidManifest.xml:17:5-49:19
MERGED from [com.android.support:appcompat-v7:25.3.1] AndroidManifest.xml:29:5-20
MERGED from [com.android.support:support-v4:25.3.1] AndroidManifest.xml:29:5-20
MERGED from [com.android.support:support-fragment:25.3.1] AndroidManifest.xml:29:5-20
MERGED from [com.android.support:support-media-compat:25.3.1] AndroidManifest.xml:29:5-20
MERGED from [com.android.support:support-core-ui:25.3.1] AndroidManifest.xml:29:5-20
MERGED from [com.android.support:support-core-utils:25.3.1] AndroidManifest.xml:29:5-20
MERGED from [com.android.support:animated-vector-drawable:25.3.1] AndroidManifest.xml:26:5-20
MERGED from [com.android.support:support-vector-drawable:25.3.1] AndroidManifest.xml:26:5-20
MERGED from [com.android.support:support-compat:25.3.1] AndroidManifest.xml:29:5-20
	android:label
		ADDED from StudioProjects\JingleMusic\AndroidManifest.xml:20:9-41
	android:allowBackup
		ADDED from StudioProjects\JingleMusic\AndroidManifest.xml:18:9-35
	android:icon
		ADDED from StudioProjects\JingleMusic\AndroidManifest.xml:19:9-45
	android:theme
		ADDED from StudioProjects\JingleMusic\AndroidManifest.xml:21:9-40
activity#com.example.jinglemusic.ui.MainActivity
ADDED from StudioProjects\JingleMusic\AndroidManifest.xml:22:9-34:20
	android:screenOrientation
		ADDED from StudioProjects\JingleMusic\AndroidManifest.xml:26:13-49
	android:label
		ADDED from StudioProjects\JingleMusic\AndroidManifest.xml:24:13-45
	android:launchMode
		ADDED from StudioProjects\JingleMusic\AndroidManifest.xml:25:13-44
	android:configChanges
		ADDED from StudioProjects\JingleMusic\AndroidManifest.xml:27:13-83
	android:name
		ADDED from StudioProjects\JingleMusic\AndroidManifest.xml:23:13-44
intent-filter#android.intent.action.MAIN+android.intent.category.LAUNCHER
ADDED from StudioProjects\JingleMusic\AndroidManifest.xml:29:13-33:29
action#android.intent.action.MAIN
ADDED from StudioProjects\JingleMusic\AndroidManifest.xml:30:17-69
	android:name
		ADDED from StudioProjects\JingleMusic\AndroidManifest.xml:30:25-66
category#android.intent.category.LAUNCHER
ADDED from StudioProjects\JingleMusic\AndroidManifest.xml:32:17-77
	android:name
		ADDED from StudioProjects\JingleMusic\AndroidManifest.xml:32:27-74
activity#com.example.jinglemusic.ui.AboutActivity
ADDED from StudioProjects\JingleMusic\AndroidManifest.xml:35:9-40:20
	android:label
		ADDED from StudioProjects\JingleMusic\AndroidManifest.xml:37:13-45
	android:launchMode
		ADDED from StudioProjects\JingleMusic\AndroidManifest.xml:38:13-44
	android:name
		ADDED from StudioProjects\JingleMusic\AndroidManifest.xml:36:13-45
activity#com.example.jinglemusic.ui.PlayActivity
ADDED from StudioProjects\JingleMusic\AndroidManifest.xml:41:9-47:20
	android:screenOrientation
		ADDED from StudioProjects\JingleMusic\AndroidManifest.xml:44:13-49
	android:launchMode
		ADDED from StudioProjects\JingleMusic\AndroidManifest.xml:42:13-44
	android:configChanges
		ADDED from StudioProjects\JingleMusic\AndroidManifest.xml:43:13-83
	android:name
		ADDED from StudioProjects\JingleMusic\AndroidManifest.xml:41:19-50
service#com.example.jinglemusic.ui.PlayMusicService
ADDED from StudioProjects\JingleMusic\AndroidManifest.xml:48:9-56
	android:name
		ADDED from StudioProjects\JingleMusic\AndroidManifest.xml:48:18-53
meta-data#android.support.VERSION
ADDED from [com.android.support:appcompat-v7:25.3.1] AndroidManifest.xml:25:5-27:34
MERGED from [com.android.support:support-v4:25.3.1] AndroidManifest.xml:25:5-27:34
MERGED from [com.android.support:support-fragment:25.3.1] AndroidManifest.xml:25:5-27:34
MERGED from [com.android.support:support-media-compat:25.3.1] AndroidManifest.xml:25:5-27:34
MERGED from [com.android.support:support-core-ui:25.3.1] AndroidManifest.xml:25:5-27:34
MERGED from [com.android.support:support-core-utils:25.3.1] AndroidManifest.xml:25:5-27:34
MERGED from [com.android.support:animated-vector-drawable:25.3.1] AndroidManifest.xml:22:5-24:34
MERGED from [com.android.support:support-vector-drawable:25.3.1] AndroidManifest.xml:22:5-24:34
MERGED from [com.android.support:support-compat:25.3.1] AndroidManifest.xml:25:5-27:34
	android:value
		ADDED from [com.android.support:appcompat-v7:25.3.1] AndroidManifest.xml:27:9-31
	android:name
		ADDED from [com.android.support:appcompat-v7:25.3.1] AndroidManifest.xml:26:9-47